<?xml version="1.0" encoding="UTF-8"?>
<!-- Generated by org.testng.reporters.JUnitXMLReporter -->
<testsuite ignored="1" hostname="LAPTOP-5KMFOFH9" failures="3" tests="22" name="Test" time="9.483" errors="0" timestamp="2024-10-06T21:30:48 IST">
  <testcase classname="com.TestNGFramework.AsserssionTest" name="hardAssertTest" time="0.009">
    <failure type="java.lang.Error" message="Unresolved compilation problem: 
	The method assertFalse(String, boolean) in the type AssertJUnit is not applicable for the arguments (boolean, String)
">
      <![CDATA[java.lang.Error: Unresolved compilation problem: 
The method assertFalse(String, boolean) in the type AssertJUnit is not applicable for the arguments (boolean, String)

at com.TestNGFramework.AsserssionTest.hardAssertTest(AsserssionTest.java:27)
at java.base/java.util.ArrayList.forEach(ArrayList.java:1511)
... Removed 27 stack frames]]>
    </failure>
  </testcase> <!-- hardAssertTest -->
  <testcase classname="com.TestNGFramework.AsserssionTest" name="softAssertionTest" time="0.001">
    <failure type="java.lang.Error" message="Unresolved compilation problem: 
	The method assertEquals(int, int) in the type AssertJUnit is not applicable for the arguments (int, int, String)
">
      <![CDATA[java.lang.Error: Unresolved compilation problem: 
The method assertEquals(int, int) in the type AssertJUnit is not applicable for the arguments (int, int, String)

at com.TestNGFramework.AsserssionTest.softAssertionTest(AsserssionTest.java:39)
at java.base/java.util.ArrayList.forEach(ArrayList.java:1511)
... Removed 27 stack frames]]>
    </failure>
  </testcase> <!-- softAssertionTest -->
  <testcase classname="com.TestNGFramework.TestDemo1" name="testCase1" time="0.001"/>
  <testcase classname="com.TestNGFramework.TestDemo4_timeOutsArgument" name="testCase1" time="6.321"/>
  <testcase classname="com.TestNGFramework.TestDemo1" name="testCase2" time="0.001"/>
  <testcase classname="com.TestNGFramework.TestDemo4_timeOutsArgument" name="testCase2" time="3.001"/>
  <testcase classname="com.TestNGFramework.TestDemo3_DisableTest" name="interviewProcess" time="0.001"/>
  <testcase classname="com.TestNGFramework.TestDemo2" name="registerTest" time="0.003"/>
  <testcase classname="com.TestNGFramework.TestDemo5_DependsOnmethod" name="registerTest" time="0.003">
    <failure type="java.lang.AssertionError" message="expected:&amp;lt;true&amp;gt; but was:&amp;lt;false&amp;gt;">
      <![CDATA[java.lang.AssertionError: expected:<true> but was:<false>
at com.TestNGFramework.TestDemo5_DependsOnmethod.registerTest(TestDemo5_DependsOnmethod.java:14)
at java.base/java.util.ArrayList.forEach(ArrayList.java:1511)
... Removed 32 stack frames]]>
    </failure>
  </testcase> <!-- registerTest -->
  <testcase classname="com.TestNGFramework.GroupingScenario" name="testSetupForBrowser" time="0.003"/>
  <testcase classname="com.TestNGFramework.TestDemo3_DisableTest" name="documentSubmissionProcess" time="0.001"/>
  <testcase classname="com.TestNGFramework.TestDemo2" name="loginTest" time="0.002"/>
  <testcase classname="com.TestNGFramework.TestDemo2" name="loginTest" time="0.003"/>
  <testcase classname="com.TestNGFramework.TestDemo2" name="loginTest" time="0.002"/>
  <testcase classname="com.TestNGFramework.TestDemo5_DependsOnmethod" name="loginTest" time="0.0">
    <skipped/>
  </testcase> <!-- loginTest -->
  <testcase classname="com.TestNGFramework.GroupingScenario" name="testForApplicationLaunch" time="0.002"/>
  <testcase classname="com.TestNGFramework.TestDemo3_DisableTest" name="OnboardingProcess" time="0.002"/>
  <testcase classname="com.TestNGFramework.TestDemo2" name="searchProductTest" time="0.001"/>
  <testcase classname="com.TestNGFramework.GroupingScenario" name="testForLogin" time="0.002"/>
  <testcase classname="com.TestNGFramework.TestDemo2" name="addToCartTest" time="0.001"/>
  <testcase classname="com.TestNGFramework.GroupingScenario" name="testForLogout" time="0.001"/>
  <testcase classname="com.TestNGFramework.TestDemo3_DisableTest" name="projectAssignProcess" time="0.001"/>
  <testcase classname="com.TestNGFramework.TestDemo3_DisableTest" name="kTProcess" time="0.0">
    <ignored/>
  </testcase> <!-- kTProcess -->
</testsuite> <!-- Test -->
