<html>
<head>
<title>TestNG:  Test</title>
<link href="../testng.css" rel="stylesheet" type="text/css" />
<link href="../my-testng.css" rel="stylesheet" type="text/css" />

<style type="text/css">
.log { display: none;} 
.stack-trace { display: none;} 
</style>
<script type="text/javascript">
<!--
function flip(e) {
  current = e.style.display;
  if (current == 'block') {
    e.style.display = 'none';
    return 0;
  }
  else {
    e.style.display = 'block';
    return 1;
  }
}

function toggleBox(szDivId, elem, msg1, msg2)
{
  var res = -1;  if (document.getElementById) {
    res = flip(document.getElementById(szDivId));
  }
  else if (document.all) {
    // this is the way old msie versions work
    res = flip(document.all[szDivId]);
  }
  if(elem) {
    if(res == 0) elem.innerHTML = msg1; else elem.innerHTML = msg2;
  }

}

function toggleAllBoxes() {
  if (document.getElementsByTagName) {
    d = document.getElementsByTagName('div');
    for (i = 0; i < d.length; i++) {
      if (d[i].className == 'log') {
        flip(d[i]);
      }
    }
  }
}

// -->
</script>

</head>
<body>
<h2 align='center'>Test</h2><table border='1' align="center">
<tr>
<td>Tests passed/Failed/Skipped:</td><td>18/3/1</td>
</tr><tr>
<td>Started on:</td><td>Sun Oct 06 21:30:39 IST 2024</td>
</tr>
<tr><td>Total time:</td><td>9 seconds (9483 ms)</td>
</tr><tr>
<td>Included groups:</td><td></td>
</tr><tr>
<td>Excluded groups:</td><td></td>
</tr>
</table><p/>
<small><i>(Hover the method name to see the test class name)</i></small><p/>
<table width='100%' border='1' class='invocation-failed'>
<tr><td colspan='4' align='center'><b>FAILED TESTS</b></td></tr>
<tr><td><b>Test method</b></td>
<td><b>Attribute(s)</b></td>
<td width="30%"><b>Exception</b></td>
<td width="10%"><b>Time (seconds)</b></td>
<td><b>Instance</b></td>
</tr>
<tr>
<td title='com.TestNGFramework.AsserssionTest.softAssertionTest()'><b>softAssertionTest</b><br>Test class: com.TestNGFramework.AsserssionTest</td>
<td><div><pre>java.lang.Error: Unresolved compilation problem: 
	The method assertEquals(int, int) in the type AssertJUnit is not applicable for the arguments (int, int, String)

	at com.TestNGFramework.AsserssionTest.softAssertionTest(AsserssionTest.java:39)
	at java.base/java.util.ArrayList.forEach(ArrayList.java:1511)
... Removed 27 stack frames</pre></div><a href='#' onClick='toggleBox("stack-trace1293203138", this, "Click to show all stack frames", "Click to hide stack frames")'>Click to show all stack frames</a>
<div class='stack-trace' id='stack-trace1293203138'><pre>java.lang.Error: Unresolved compilation problem: 
	The method assertEquals(int, int) in the type AssertJUnit is not applicable for the arguments (int, int, String)

	at com.TestNGFramework.AsserssionTest.softAssertionTest(AsserssionTest.java:39)
	at java.base/jdk.internal.reflect.NativeMethodAccessorImpl.invoke0(Native Method)
	at java.base/jdk.internal.reflect.NativeMethodAccessorImpl.invoke(NativeMethodAccessorImpl.java:77)
	at java.base/jdk.internal.reflect.DelegatingMethodAccessorImpl.invoke(DelegatingMethodAccessorImpl.java:43)
	at java.base/java.lang.reflect.Method.invoke(Method.java:568)
	at org.testng.internal.invokers.MethodInvocationHelper.invokeMethod(MethodInvocationHelper.java:139)
	at org.testng.internal.invokers.TestInvoker.invokeMethod(TestInvoker.java:677)
	at org.testng.internal.invokers.TestInvoker.invokeTestMethod(TestInvoker.java:221)
	at org.testng.internal.invokers.MethodRunner.runInSequence(MethodRunner.java:50)
	at org.testng.internal.invokers.TestInvoker$MethodInvocationAgent.invoke(TestInvoker.java:969)
	at org.testng.internal.invokers.TestInvoker.invokeTestMethods(TestInvoker.java:194)
	at org.testng.internal.invokers.TestMethodWorker.invokeTestMethods(TestMethodWorker.java:148)
	at org.testng.internal.invokers.TestMethodWorker.run(TestMethodWorker.java:128)
	at java.base/java.util.ArrayList.forEach(ArrayList.java:1511)
	at org.testng.TestRunner.privateRun(TestRunner.java:829)
	at org.testng.TestRunner.run(TestRunner.java:602)
	at org.testng.SuiteRunner.runTest(SuiteRunner.java:437)
	at org.testng.SuiteRunner.runSequentially(SuiteRunner.java:431)
	at org.testng.SuiteRunner.privateRun(SuiteRunner.java:391)
	at org.testng.SuiteRunner.run(SuiteRunner.java:330)
	at org.testng.SuiteRunnerWorker.runSuite(SuiteRunnerWorker.java:52)
	at org.testng.SuiteRunnerWorker.run(SuiteRunnerWorker.java:95)
	at org.testng.TestNG.runSuitesSequentially(TestNG.java:1256)
	at org.testng.TestNG.runSuitesLocally(TestNG.java:1176)
	at org.testng.TestNG.runSuites(TestNG.java:1099)
	at org.testng.TestNG.run(TestNG.java:1067)
	at org.testng.remote.AbstractRemoteTestNG.run(AbstractRemoteTestNG.java:115)
	at org.testng.remote.RemoteTestNG.initAndRun(RemoteTestNG.java:251)
	at org.testng.remote.RemoteTestNG.main(RemoteTestNG.java:77)
</pre></div></td>
<td>0</td>
<td>com.TestNGFramework.AsserssionTest@1de76cc7</td></tr>
<tr>
<td title='com.TestNGFramework.AsserssionTest.hardAssertTest()'><b>hardAssertTest</b><br>Test class: com.TestNGFramework.AsserssionTest</td>
<td><div><pre>java.lang.Error: Unresolved compilation problem: 
	The method assertFalse(String, boolean) in the type AssertJUnit is not applicable for the arguments (boolean, String)

	at com.TestNGFramework.AsserssionTest.hardAssertTest(AsserssionTest.java:27)
	at java.base/java.util.ArrayList.forEach(ArrayList.java:1511)
... Removed 27 stack frames</pre></div><a href='#' onClick='toggleBox("stack-trace352083716", this, "Click to show all stack frames", "Click to hide stack frames")'>Click to show all stack frames</a>
<div class='stack-trace' id='stack-trace352083716'><pre>java.lang.Error: Unresolved compilation problem: 
	The method assertFalse(String, boolean) in the type AssertJUnit is not applicable for the arguments (boolean, String)

	at com.TestNGFramework.AsserssionTest.hardAssertTest(AsserssionTest.java:27)
	at java.base/jdk.internal.reflect.NativeMethodAccessorImpl.invoke0(Native Method)
	at java.base/jdk.internal.reflect.NativeMethodAccessorImpl.invoke(NativeMethodAccessorImpl.java:77)
	at java.base/jdk.internal.reflect.DelegatingMethodAccessorImpl.invoke(DelegatingMethodAccessorImpl.java:43)
	at java.base/java.lang.reflect.Method.invoke(Method.java:568)
	at org.testng.internal.invokers.MethodInvocationHelper.invokeMethod(MethodInvocationHelper.java:139)
	at org.testng.internal.invokers.TestInvoker.invokeMethod(TestInvoker.java:677)
	at org.testng.internal.invokers.TestInvoker.invokeTestMethod(TestInvoker.java:221)
	at org.testng.internal.invokers.MethodRunner.runInSequence(MethodRunner.java:50)
	at org.testng.internal.invokers.TestInvoker$MethodInvocationAgent.invoke(TestInvoker.java:969)
	at org.testng.internal.invokers.TestInvoker.invokeTestMethods(TestInvoker.java:194)
	at org.testng.internal.invokers.TestMethodWorker.invokeTestMethods(TestMethodWorker.java:148)
	at org.testng.internal.invokers.TestMethodWorker.run(TestMethodWorker.java:128)
	at java.base/java.util.ArrayList.forEach(ArrayList.java:1511)
	at org.testng.TestRunner.privateRun(TestRunner.java:829)
	at org.testng.TestRunner.run(TestRunner.java:602)
	at org.testng.SuiteRunner.runTest(SuiteRunner.java:437)
	at org.testng.SuiteRunner.runSequentially(SuiteRunner.java:431)
	at org.testng.SuiteRunner.privateRun(SuiteRunner.java:391)
	at org.testng.SuiteRunner.run(SuiteRunner.java:330)
	at org.testng.SuiteRunnerWorker.runSuite(SuiteRunnerWorker.java:52)
	at org.testng.SuiteRunnerWorker.run(SuiteRunnerWorker.java:95)
	at org.testng.TestNG.runSuitesSequentially(TestNG.java:1256)
	at org.testng.TestNG.runSuitesLocally(TestNG.java:1176)
	at org.testng.TestNG.runSuites(TestNG.java:1099)
	at org.testng.TestNG.run(TestNG.java:1067)
	at org.testng.remote.AbstractRemoteTestNG.run(AbstractRemoteTestNG.java:115)
	at org.testng.remote.RemoteTestNG.initAndRun(RemoteTestNG.java:251)
	at org.testng.remote.RemoteTestNG.main(RemoteTestNG.java:77)
</pre></div></td>
<td>0</td>
<td>com.TestNGFramework.AsserssionTest@1de76cc7</td></tr>
<tr>
<td title='com.TestNGFramework.TestDemo5_DependsOnmethod.registerTest()'><b>registerTest</b><br>Test class: com.TestNGFramework.TestDemo5_DependsOnmethod</td>
<td><div><pre>java.lang.AssertionError: expected:&lt;true&gt; but was:&lt;false&gt;
	at com.TestNGFramework.TestDemo5_DependsOnmethod.registerTest(TestDemo5_DependsOnmethod.java:14)
	at java.base/java.util.ArrayList.forEach(ArrayList.java:1511)
... Removed 32 stack frames</pre></div><a href='#' onClick='toggleBox("stack-trace1851255134", this, "Click to show all stack frames", "Click to hide stack frames")'>Click to show all stack frames</a>
<div class='stack-trace' id='stack-trace1851255134'><pre>java.lang.AssertionError: expected:&lt;true&gt; but was:&lt;false&gt;
	at org.testng.AssertJUnit.fail(AssertJUnit.java:65)
	at org.testng.AssertJUnit.failNotEquals(AssertJUnit.java:467)
	at org.testng.AssertJUnit.assertEquals(AssertJUnit.java:88)
	at org.testng.AssertJUnit.assertEquals(AssertJUnit.java:230)
	at org.testng.AssertJUnit.assertEquals(AssertJUnit.java:240)
	at com.TestNGFramework.TestDemo5_DependsOnmethod.registerTest(TestDemo5_DependsOnmethod.java:14)
	at java.base/jdk.internal.reflect.NativeMethodAccessorImpl.invoke0(Native Method)
	at java.base/jdk.internal.reflect.NativeMethodAccessorImpl.invoke(NativeMethodAccessorImpl.java:77)
	at java.base/jdk.internal.reflect.DelegatingMethodAccessorImpl.invoke(DelegatingMethodAccessorImpl.java:43)
	at java.base/java.lang.reflect.Method.invoke(Method.java:568)
	at org.testng.internal.invokers.MethodInvocationHelper.invokeMethod(MethodInvocationHelper.java:139)
	at org.testng.internal.invokers.TestInvoker.invokeMethod(TestInvoker.java:677)
	at org.testng.internal.invokers.TestInvoker.invokeTestMethod(TestInvoker.java:221)
	at org.testng.internal.invokers.MethodRunner.runInSequence(MethodRunner.java:50)
	at org.testng.internal.invokers.TestInvoker$MethodInvocationAgent.invoke(TestInvoker.java:969)
	at org.testng.internal.invokers.TestInvoker.invokeTestMethods(TestInvoker.java:194)
	at org.testng.internal.invokers.TestMethodWorker.invokeTestMethods(TestMethodWorker.java:148)
	at org.testng.internal.invokers.TestMethodWorker.run(TestMethodWorker.java:128)
	at java.base/java.util.ArrayList.forEach(ArrayList.java:1511)
	at org.testng.TestRunner.privateRun(TestRunner.java:829)
	at org.testng.TestRunner.run(TestRunner.java:602)
	at org.testng.SuiteRunner.runTest(SuiteRunner.java:437)
	at org.testng.SuiteRunner.runSequentially(SuiteRunner.java:431)
	at org.testng.SuiteRunner.privateRun(SuiteRunner.java:391)
	at org.testng.SuiteRunner.run(SuiteRunner.java:330)
	at org.testng.SuiteRunnerWorker.runSuite(SuiteRunnerWorker.java:52)
	at org.testng.SuiteRunnerWorker.run(SuiteRunnerWorker.java:95)
	at org.testng.TestNG.runSuitesSequentially(TestNG.java:1256)
	at org.testng.TestNG.runSuitesLocally(TestNG.java:1176)
	at org.testng.TestNG.runSuites(TestNG.java:1099)
	at org.testng.TestNG.run(TestNG.java:1067)
	at org.testng.remote.AbstractRemoteTestNG.run(AbstractRemoteTestNG.java:115)
	at org.testng.remote.RemoteTestNG.initAndRun(RemoteTestNG.java:251)
	at org.testng.remote.RemoteTestNG.main(RemoteTestNG.java:77)
</pre></div></td>
<td>0</td>
<td>com.TestNGFramework.TestDemo5_DependsOnmethod@5d0a1059</td></tr>
</table><p>
<table width='100%' border='1' class='invocation-passed'>
<tr><td colspan='4' align='center'><b>PASSED TESTS</b></td></tr>
<tr><td><b>Test method</b></td>
<td><b>Attribute(s)</b></td>
<td width="30%"><b>Exception</b></td>
<td width="10%"><b>Time (seconds)</b></td>
<td><b>Instance</b></td>
</tr>
<tr>
<td title='com.TestNGFramework.GroupingScenario.testSetupForBrowser()'><b>testSetupForBrowser</b><br>Test class: com.TestNGFramework.GroupingScenario</td>
<td></td>
<td>0</td>
<td>com.TestNGFramework.GroupingScenario@54bff557</td></tr>
<tr>
<td title='com.TestNGFramework.TestDemo2.registerTest()'><b>registerTest</b><br>Test class: com.TestNGFramework.TestDemo2<br>Test method: Test Case 1</td>
<td></td>
<td>0</td>
<td>com.TestNGFramework.TestDemo2@43dac38f</td></tr>
<tr>
<td title='com.TestNGFramework.GroupingScenario.testForLogin()'><b>testForLogin</b><br>Test class: com.TestNGFramework.GroupingScenario</td>
<td></td>
<td>0</td>
<td>com.TestNGFramework.GroupingScenario@54bff557</td></tr>
<tr>
<td title='com.TestNGFramework.TestDemo2.loginTest()'><b>loginTest</b><br>Test class: com.TestNGFramework.TestDemo2<br>Test method: Test Case 2</td>
<td></td>
<td>0</td>
<td>com.TestNGFramework.TestDemo2@43dac38f</td></tr>
<tr>
<td title='com.TestNGFramework.TestDemo3_DisableTest.documentSubmissionProcess()'><b>documentSubmissionProcess</b><br>Test class: com.TestNGFramework.TestDemo3_DisableTest</td>
<td></td>
<td>0</td>
<td>com.TestNGFramework.TestDemo3_DisableTest@485966cc</td></tr>
<tr>
<td title='com.TestNGFramework.TestDemo2.searchProductTest()'><b>searchProductTest</b><br>Test class: com.TestNGFramework.TestDemo2<br>Test method: Test Case 3</td>
<td></td>
<td>0</td>
<td>com.TestNGFramework.TestDemo2@43dac38f</td></tr>
<tr>
<td title='com.TestNGFramework.TestDemo2.addToCartTest()'><b>addToCartTest</b><br>Test class: com.TestNGFramework.TestDemo2<br>Test method: Test Case 4</td>
<td></td>
<td>0</td>
<td>com.TestNGFramework.TestDemo2@43dac38f</td></tr>
<tr>
<td title='com.TestNGFramework.TestDemo4_timeOutsArgument.testCase2()'><b>testCase2</b><br>Test class: com.TestNGFramework.TestDemo4_timeOutsArgument</td>
<td></td>
<td>3</td>
<td>com.TestNGFramework.TestDemo4_timeOutsArgument@593aaf41</td></tr>
<tr>
<td title='com.TestNGFramework.TestDemo3_DisableTest.interviewProcess()'><b>interviewProcess</b><br>Test class: com.TestNGFramework.TestDemo3_DisableTest</td>
<td></td>
<td>0</td>
<td>com.TestNGFramework.TestDemo3_DisableTest@485966cc</td></tr>
<tr>
<td title='com.TestNGFramework.TestDemo2.loginTest()'><b>loginTest</b><br>Test class: com.TestNGFramework.TestDemo2<br>Test method: Test Case 2</td>
<td></td>
<td>0</td>
<td>com.TestNGFramework.TestDemo2@43dac38f</td></tr>
<tr>
<td title='com.TestNGFramework.TestDemo3_DisableTest.OnboardingProcess()'><b>OnboardingProcess</b><br>Test class: com.TestNGFramework.TestDemo3_DisableTest</td>
<td></td>
<td>0</td>
<td>com.TestNGFramework.TestDemo3_DisableTest@485966cc</td></tr>
<tr>
<td title='com.TestNGFramework.GroupingScenario.testForApplicationLaunch()'><b>testForApplicationLaunch</b><br>Test class: com.TestNGFramework.GroupingScenario</td>
<td></td>
<td>0</td>
<td>com.TestNGFramework.GroupingScenario@54bff557</td></tr>
<tr>
<td title='com.TestNGFramework.TestDemo1.testCase2()'><b>testCase2</b><br>Test class: com.TestNGFramework.TestDemo1</td>
<td></td>
<td>0</td>
<td>com.TestNGFramework.TestDemo1@543588e6</td></tr>
<tr>
<td title='com.TestNGFramework.TestDemo4_timeOutsArgument.testCase1()'><b>testCase1</b><br>Test class: com.TestNGFramework.TestDemo4_timeOutsArgument</td>
<td></td>
<td>6</td>
<td>com.TestNGFramework.TestDemo4_timeOutsArgument@593aaf41</td></tr>
<tr>
<td title='com.TestNGFramework.TestDemo2.loginTest()'><b>loginTest</b><br>Test class: com.TestNGFramework.TestDemo2<br>Test method: Test Case 2</td>
<td></td>
<td>0</td>
<td>com.TestNGFramework.TestDemo2@43dac38f</td></tr>
<tr>
<td title='com.TestNGFramework.TestDemo1.testCase1()'><b>testCase1</b><br>Test class: com.TestNGFramework.TestDemo1</td>
<td></td>
<td>0</td>
<td>com.TestNGFramework.TestDemo1@543588e6</td></tr>
<tr>
<td title='com.TestNGFramework.GroupingScenario.testForLogout()'><b>testForLogout</b><br>Test class: com.TestNGFramework.GroupingScenario</td>
<td></td>
<td>0</td>
<td>com.TestNGFramework.GroupingScenario@54bff557</td></tr>
<tr>
<td title='com.TestNGFramework.TestDemo3_DisableTest.projectAssignProcess()'><b>projectAssignProcess</b><br>Test class: com.TestNGFramework.TestDemo3_DisableTest</td>
<td></td>
<td>0</td>
<td>com.TestNGFramework.TestDemo3_DisableTest@485966cc</td></tr>
</table><p>
<table width='100%' border='1' class='invocation-skipped'>
<tr><td colspan='4' align='center'><b>SKIPPED TESTS</b></td></tr>
<tr><td><b>Test method</b></td>
<td><b>Attribute(s)</b></td>
<td width="30%"><b>Exception</b></td>
<td width="10%"><b>Time (seconds)</b></td>
<td><b>Instance</b></td>
</tr>
<tr>
<td title='com.TestNGFramework.TestDemo5_DependsOnmethod.loginTest()'><b>loginTest</b><br>Test class: com.TestNGFramework.TestDemo5_DependsOnmethod</td>
<td><div><pre>java.lang.Throwable: Method com.TestNGFramework.TestDemo5_DependsOnmethod.loginTest() on instance com.TestNGFramework.TestDemo5_DependsOnmethod@5d0a1059 depends on not successfully finished methods 
[com.TestNGFramework.TestDemo5_DependsOnmethod.registerTest() on instance com.TestNGFramework.TestDemo5_DependsOnmethod@5d0a1059]
	at java.base/java.util.ArrayList.forEach(ArrayList.java:1511)
... Removed 18 stack frames</pre></div><a href='#' onClick='toggleBox("stack-trace229919394", this, "Click to show all stack frames", "Click to hide stack frames")'>Click to show all stack frames</a>
<div class='stack-trace' id='stack-trace229919394'><pre>java.lang.Throwable: Method com.TestNGFramework.TestDemo5_DependsOnmethod.loginTest() on instance com.TestNGFramework.TestDemo5_DependsOnmethod@5d0a1059 depends on not successfully finished methods 
[com.TestNGFramework.TestDemo5_DependsOnmethod.registerTest() on instance com.TestNGFramework.TestDemo5_DependsOnmethod@5d0a1059]
	at org.testng.internal.invokers.TestInvoker.invokeTestMethods(TestInvoker.java:150)
	at org.testng.internal.invokers.TestMethodWorker.invokeTestMethods(TestMethodWorker.java:148)
	at org.testng.internal.invokers.TestMethodWorker.run(TestMethodWorker.java:128)
	at java.base/java.util.ArrayList.forEach(ArrayList.java:1511)
	at org.testng.TestRunner.privateRun(TestRunner.java:829)
	at org.testng.TestRunner.run(TestRunner.java:602)
	at org.testng.SuiteRunner.runTest(SuiteRunner.java:437)
	at org.testng.SuiteRunner.runSequentially(SuiteRunner.java:431)
	at org.testng.SuiteRunner.privateRun(SuiteRunner.java:391)
	at org.testng.SuiteRunner.run(SuiteRunner.java:330)
	at org.testng.SuiteRunnerWorker.runSuite(SuiteRunnerWorker.java:52)
	at org.testng.SuiteRunnerWorker.run(SuiteRunnerWorker.java:95)
	at org.testng.TestNG.runSuitesSequentially(TestNG.java:1256)
	at org.testng.TestNG.runSuitesLocally(TestNG.java:1176)
	at org.testng.TestNG.runSuites(TestNG.java:1099)
	at org.testng.TestNG.run(TestNG.java:1067)
	at org.testng.remote.AbstractRemoteTestNG.run(AbstractRemoteTestNG.java:115)
	at org.testng.remote.RemoteTestNG.initAndRun(RemoteTestNG.java:251)
	at org.testng.remote.RemoteTestNG.main(RemoteTestNG.java:77)
</pre></div></td>
<td>0</td>
<td>com.TestNGFramework.TestDemo5_DependsOnmethod@5d0a1059</td></tr>
</table><p>
</body>
</html>